<?xml version="1.0" encoding="UTF-8"?>
<testsuite xmlns:xsi="http://www.w3.org/2001/XMLSchema-instance" xsi:noNamespaceSchemaLocation="https://maven.apache.org/surefire/maven-surefire-plugin/xsd/surefire-test-report-3.0.xsd" version="3.0" name="myTest" time="1.944" tests="4" errors="4" skipped="0" failures="0">
  <properties>
    <property name="java.specification.version" value="21"/>
    <property name="sun.cpu.isalist" value="amd64"/>
    <property name="sun.jnu.encoding" value="GBK"/>
    <property name="java.class.path" value="D:\OpenSource\Github\E-commerce\datebase\target\test-classes;D:\OpenSource\Github\E-commerce\datebase\target\classes;D:\Maven\.m2\repository\org\springframework\spring-webmvc\5.3.13\spring-webmvc-5.3.13.jar;D:\Maven\.m2\repository\org\springframework\spring-aop\5.3.13\spring-aop-5.3.13.jar;D:\Maven\.m2\repository\org\springframework\spring-beans\5.3.13\spring-beans-5.3.13.jar;D:\Maven\.m2\repository\org\springframework\spring-context\5.3.13\spring-context-5.3.13.jar;D:\Maven\.m2\repository\org\springframework\spring-core\5.3.13\spring-core-5.3.13.jar;D:\Maven\.m2\repository\org\springframework\spring-jcl\5.3.13\spring-jcl-5.3.13.jar;D:\Maven\.m2\repository\org\springframework\spring-expression\5.3.13\spring-expression-5.3.13.jar;D:\Maven\.m2\repository\org\springframework\spring-web\5.3.13\spring-web-5.3.13.jar;D:\Maven\.m2\repository\org\springframework\spring-jdbc\5.3.13\spring-jdbc-5.3.13.jar;D:\Maven\.m2\repository\org\springframework\spring-tx\5.3.13\spring-tx-5.3.13.jar;D:\Maven\.m2\repository\org\projectlombok\lombok\1.18.32\lombok-1.18.32.jar;D:\Maven\.m2\repository\org\mybatis\mybatis\3.4.5\mybatis-3.4.5.jar;D:\Maven\.m2\repository\mysql\mysql-connector-java\5.1.46\mysql-connector-java-5.1.46.jar;D:\Maven\.m2\repository\org\mybatis\mybatis-spring\2.0.2\mybatis-spring-2.0.2.jar;D:\Maven\.m2\repository\org\apache\cxf\cxf-rt-frontend-jaxws\3.4.4\cxf-rt-frontend-jaxws-3.4.4.jar;D:\Maven\.m2\repository\xml-resolver\xml-resolver\1.2\xml-resolver-1.2.jar;D:\Maven\.m2\repository\org\ow2\asm\asm\9.1\asm-9.1.jar;D:\Maven\.m2\repository\org\apache\cxf\cxf-core\3.4.4\cxf-core-3.4.4.jar;D:\Maven\.m2\repository\org\glassfish\jaxb\jaxb-runtime\2.3.4\jaxb-runtime-2.3.4.jar;D:\Maven\.m2\repository\org\glassfish\jaxb\txw2\2.3.4\txw2-2.3.4.jar;D:\Maven\.m2\repository\com\sun\istack\istack-commons-runtime\3.0.12\istack-commons-runtime-3.0.12.jar;D:\Maven\.m2\repository\com\fasterxml\woodstox\woodstox-core\6.2.6\woodstox-core-6.2.6.jar;D:\Maven\.m2\repository\org\codehaus\woodstox\stax2-api\4.2.1\stax2-api-4.2.1.jar;D:\Maven\.m2\repository\org\apache\ws\xmlschema\xmlschema-core\2.2.5\xmlschema-core-2.2.5.jar;D:\Maven\.m2\repository\jakarta\xml\bind\jakarta.xml.bind-api\2.3.3\jakarta.xml.bind-api-2.3.3.jar;D:\Maven\.m2\repository\org\apache\cxf\cxf-rt-bindings-soap\3.4.4\cxf-rt-bindings-soap-3.4.4.jar;D:\Maven\.m2\repository\org\apache\cxf\cxf-rt-wsdl\3.4.4\cxf-rt-wsdl-3.4.4.jar;D:\Maven\.m2\repository\wsdl4j\wsdl4j\1.6.3\wsdl4j-1.6.3.jar;D:\Maven\.m2\repository\org\apache\cxf\cxf-rt-databinding-jaxb\3.4.4\cxf-rt-databinding-jaxb-3.4.4.jar;D:\Maven\.m2\repository\org\apache\cxf\cxf-rt-bindings-xml\3.4.4\cxf-rt-bindings-xml-3.4.4.jar;D:\Maven\.m2\repository\org\apache\cxf\cxf-rt-frontend-simple\3.4.4\cxf-rt-frontend-simple-3.4.4.jar;D:\Maven\.m2\repository\org\apache\cxf\cxf-rt-ws-addr\3.4.4\cxf-rt-ws-addr-3.4.4.jar;D:\Maven\.m2\repository\org\apache\cxf\cxf-rt-ws-policy\3.4.4\cxf-rt-ws-policy-3.4.4.jar;D:\Maven\.m2\repository\org\apache\neethi\neethi\3.1.1\neethi-3.1.1.jar;D:\Maven\.m2\repository\jakarta\annotation\jakarta.annotation-api\1.3.5\jakarta.annotation-api-1.3.5.jar;D:\Maven\.m2\repository\jakarta\xml\ws\jakarta.xml.ws-api\2.3.3\jakarta.xml.ws-api-2.3.3.jar;D:\Maven\.m2\repository\jakarta\jws\jakarta.jws-api\2.1.0\jakarta.jws-api-2.1.0.jar;D:\Maven\.m2\repository\jakarta\xml\soap\jakarta.xml.soap-api\1.4.2\jakarta.xml.soap-api-1.4.2.jar;D:\Maven\.m2\repository\jakarta\activation\jakarta.activation-api\1.2.2\jakarta.activation-api-1.2.2.jar;D:\Maven\.m2\repository\com\sun\activation\jakarta.activation\1.2.2\jakarta.activation-1.2.2.jar;D:\Maven\.m2\repository\com\sun\xml\messaging\saaj\saaj-impl\1.5.3\saaj-impl-1.5.3.jar;D:\Maven\.m2\repository\org\jvnet\staxex\stax-ex\1.8.3\stax-ex-1.8.3.jar;D:\Maven\.m2\repository\org\apache\geronimo\specs\geronimo-jta_1.1_spec\1.1.1\geronimo-jta_1.1_spec-1.1.1.jar;D:\Maven\.m2\repository\org\jboss\spec\javax\rmi\jboss-rmi-api_1.0_spec\1.0.6.Final\jboss-rmi-api_1.0_spec-1.0.6.Final.jar;D:\Maven\.m2\repository\org\apache\cxf\cxf-rt-transports-http\3.4.4\cxf-rt-transports-http-3.4.4.jar;D:\Maven\.m2\repository\junit\junit\4.13\junit-4.13.jar;D:\Maven\.m2\repository\org\hamcrest\hamcrest-core\1.3\hamcrest-core-1.3.jar;D:\Maven\.m2\repository\org\apache\cxf\cxf-rt-transports-http-jetty\3.4.4\cxf-rt-transports-http-jetty-3.4.4.jar;D:\Maven\.m2\repository\org\eclipse\jetty\jetty-server\9.4.41.v20210516\jetty-server-9.4.41.v20210516.jar;D:\Maven\.m2\repository\javax\servlet\javax.servlet-api\3.1.0\javax.servlet-api-3.1.0.jar;D:\Maven\.m2\repository\org\eclipse\jetty\jetty-util\9.4.41.v20210516\jetty-util-9.4.41.v20210516.jar;D:\Maven\.m2\repository\org\eclipse\jetty\jetty-io\9.4.41.v20210516\jetty-io-9.4.41.v20210516.jar;D:\Maven\.m2\repository\org\eclipse\jetty\jetty-security\9.4.41.v20210516\jetty-security-9.4.41.v20210516.jar;D:\Maven\.m2\repository\org\eclipse\jetty\jetty-continuation\9.4.41.v20210516\jetty-continuation-9.4.41.v20210516.jar;D:\Maven\.m2\repository\org\eclipse\jetty\jetty-http\9.4.41.v20210516\jetty-http-9.4.41.v20210516.jar;D:\Maven\.m2\repository\org\slf4j\slf4j-api\1.7.30\slf4j-api-1.7.30.jar;D:\Maven\.m2\repository\org\aspectj\aspectjweaver\1.9.4\aspectjweaver-1.9.4.jar;"/>
    <property name="java.vm.vendor" value="Microsoft"/>
    <property name="sun.arch.data.model" value="64"/>
    <property name="user.variant" value=""/>
    <property name="java.vendor.url" value="https://www.microsoft.com"/>
    <property name="user.timezone" value="Asia/Shanghai"/>
    <property name="os.name" value="Windows 11"/>
    <property name="java.vm.specification.version" value="21"/>
    <property name="sun.java.launcher" value="SUN_STANDARD"/>
    <property name="user.country" value="CN"/>
    <property name="sun.boot.library.path" value="D:\Program Files\Microsoft\jdk-21.0.2.13-hotspot\bin"/>
    <property name="sun.java.command" value="C:\Users\28170\AppData\Local\Temp\surefire15682111782277923849\surefirebooter-20241102214118982_3.jar C:\Users\28170\AppData\Local\Temp\surefire15682111782277923849 2024-11-02T21-41-16_174-jvmRun1 surefire-20241102214118982_1tmp surefire_0-20241102214118982_2tmp"/>
    <property name="jdk.debug" value="release"/>
    <property name="surefire.test.class.path" value="D:\OpenSource\Github\E-commerce\datebase\target\test-classes;D:\OpenSource\Github\E-commerce\datebase\target\classes;D:\Maven\.m2\repository\org\springframework\spring-webmvc\5.3.13\spring-webmvc-5.3.13.jar;D:\Maven\.m2\repository\org\springframework\spring-aop\5.3.13\spring-aop-5.3.13.jar;D:\Maven\.m2\repository\org\springframework\spring-beans\5.3.13\spring-beans-5.3.13.jar;D:\Maven\.m2\repository\org\springframework\spring-context\5.3.13\spring-context-5.3.13.jar;D:\Maven\.m2\repository\org\springframework\spring-core\5.3.13\spring-core-5.3.13.jar;D:\Maven\.m2\repository\org\springframework\spring-jcl\5.3.13\spring-jcl-5.3.13.jar;D:\Maven\.m2\repository\org\springframework\spring-expression\5.3.13\spring-expression-5.3.13.jar;D:\Maven\.m2\repository\org\springframework\spring-web\5.3.13\spring-web-5.3.13.jar;D:\Maven\.m2\repository\org\springframework\spring-jdbc\5.3.13\spring-jdbc-5.3.13.jar;D:\Maven\.m2\repository\org\springframework\spring-tx\5.3.13\spring-tx-5.3.13.jar;D:\Maven\.m2\repository\org\projectlombok\lombok\1.18.32\lombok-1.18.32.jar;D:\Maven\.m2\repository\org\mybatis\mybatis\3.4.5\mybatis-3.4.5.jar;D:\Maven\.m2\repository\mysql\mysql-connector-java\5.1.46\mysql-connector-java-5.1.46.jar;D:\Maven\.m2\repository\org\mybatis\mybatis-spring\2.0.2\mybatis-spring-2.0.2.jar;D:\Maven\.m2\repository\org\apache\cxf\cxf-rt-frontend-jaxws\3.4.4\cxf-rt-frontend-jaxws-3.4.4.jar;D:\Maven\.m2\repository\xml-resolver\xml-resolver\1.2\xml-resolver-1.2.jar;D:\Maven\.m2\repository\org\ow2\asm\asm\9.1\asm-9.1.jar;D:\Maven\.m2\repository\org\apache\cxf\cxf-core\3.4.4\cxf-core-3.4.4.jar;D:\Maven\.m2\repository\org\glassfish\jaxb\jaxb-runtime\2.3.4\jaxb-runtime-2.3.4.jar;D:\Maven\.m2\repository\org\glassfish\jaxb\txw2\2.3.4\txw2-2.3.4.jar;D:\Maven\.m2\repository\com\sun\istack\istack-commons-runtime\3.0.12\istack-commons-runtime-3.0.12.jar;D:\Maven\.m2\repository\com\fasterxml\woodstox\woodstox-core\6.2.6\woodstox-core-6.2.6.jar;D:\Maven\.m2\repository\org\codehaus\woodstox\stax2-api\4.2.1\stax2-api-4.2.1.jar;D:\Maven\.m2\repository\org\apache\ws\xmlschema\xmlschema-core\2.2.5\xmlschema-core-2.2.5.jar;D:\Maven\.m2\repository\jakarta\xml\bind\jakarta.xml.bind-api\2.3.3\jakarta.xml.bind-api-2.3.3.jar;D:\Maven\.m2\repository\org\apache\cxf\cxf-rt-bindings-soap\3.4.4\cxf-rt-bindings-soap-3.4.4.jar;D:\Maven\.m2\repository\org\apache\cxf\cxf-rt-wsdl\3.4.4\cxf-rt-wsdl-3.4.4.jar;D:\Maven\.m2\repository\wsdl4j\wsdl4j\1.6.3\wsdl4j-1.6.3.jar;D:\Maven\.m2\repository\org\apache\cxf\cxf-rt-databinding-jaxb\3.4.4\cxf-rt-databinding-jaxb-3.4.4.jar;D:\Maven\.m2\repository\org\apache\cxf\cxf-rt-bindings-xml\3.4.4\cxf-rt-bindings-xml-3.4.4.jar;D:\Maven\.m2\repository\org\apache\cxf\cxf-rt-frontend-simple\3.4.4\cxf-rt-frontend-simple-3.4.4.jar;D:\Maven\.m2\repository\org\apache\cxf\cxf-rt-ws-addr\3.4.4\cxf-rt-ws-addr-3.4.4.jar;D:\Maven\.m2\repository\org\apache\cxf\cxf-rt-ws-policy\3.4.4\cxf-rt-ws-policy-3.4.4.jar;D:\Maven\.m2\repository\org\apache\neethi\neethi\3.1.1\neethi-3.1.1.jar;D:\Maven\.m2\repository\jakarta\annotation\jakarta.annotation-api\1.3.5\jakarta.annotation-api-1.3.5.jar;D:\Maven\.m2\repository\jakarta\xml\ws\jakarta.xml.ws-api\2.3.3\jakarta.xml.ws-api-2.3.3.jar;D:\Maven\.m2\repository\jakarta\jws\jakarta.jws-api\2.1.0\jakarta.jws-api-2.1.0.jar;D:\Maven\.m2\repository\jakarta\xml\soap\jakarta.xml.soap-api\1.4.2\jakarta.xml.soap-api-1.4.2.jar;D:\Maven\.m2\repository\jakarta\activation\jakarta.activation-api\1.2.2\jakarta.activation-api-1.2.2.jar;D:\Maven\.m2\repository\com\sun\activation\jakarta.activation\1.2.2\jakarta.activation-1.2.2.jar;D:\Maven\.m2\repository\com\sun\xml\messaging\saaj\saaj-impl\1.5.3\saaj-impl-1.5.3.jar;D:\Maven\.m2\repository\org\jvnet\staxex\stax-ex\1.8.3\stax-ex-1.8.3.jar;D:\Maven\.m2\repository\org\apache\geronimo\specs\geronimo-jta_1.1_spec\1.1.1\geronimo-jta_1.1_spec-1.1.1.jar;D:\Maven\.m2\repository\org\jboss\spec\javax\rmi\jboss-rmi-api_1.0_spec\1.0.6.Final\jboss-rmi-api_1.0_spec-1.0.6.Final.jar;D:\Maven\.m2\repository\org\apache\cxf\cxf-rt-transports-http\3.4.4\cxf-rt-transports-http-3.4.4.jar;D:\Maven\.m2\repository\junit\junit\4.13\junit-4.13.jar;D:\Maven\.m2\repository\org\hamcrest\hamcrest-core\1.3\hamcrest-core-1.3.jar;D:\Maven\.m2\repository\org\apache\cxf\cxf-rt-transports-http-jetty\3.4.4\cxf-rt-transports-http-jetty-3.4.4.jar;D:\Maven\.m2\repository\org\eclipse\jetty\jetty-server\9.4.41.v20210516\jetty-server-9.4.41.v20210516.jar;D:\Maven\.m2\repository\javax\servlet\javax.servlet-api\3.1.0\javax.servlet-api-3.1.0.jar;D:\Maven\.m2\repository\org\eclipse\jetty\jetty-util\9.4.41.v20210516\jetty-util-9.4.41.v20210516.jar;D:\Maven\.m2\repository\org\eclipse\jetty\jetty-io\9.4.41.v20210516\jetty-io-9.4.41.v20210516.jar;D:\Maven\.m2\repository\org\eclipse\jetty\jetty-security\9.4.41.v20210516\jetty-security-9.4.41.v20210516.jar;D:\Maven\.m2\repository\org\eclipse\jetty\jetty-continuation\9.4.41.v20210516\jetty-continuation-9.4.41.v20210516.jar;D:\Maven\.m2\repository\org\eclipse\jetty\jetty-http\9.4.41.v20210516\jetty-http-9.4.41.v20210516.jar;D:\Maven\.m2\repository\org\slf4j\slf4j-api\1.7.30\slf4j-api-1.7.30.jar;D:\Maven\.m2\repository\org\aspectj\aspectjweaver\1.9.4\aspectjweaver-1.9.4.jar;"/>
    <property name="sun.cpu.endian" value="little"/>
    <property name="user.home" value="C:\Users\28170"/>
    <property name="user.language" value="zh"/>
    <property name="java.specification.vendor" value="Oracle Corporation"/>
    <property name="java.version.date" value="2024-01-16"/>
    <property name="java.home" value="D:\Program Files\Microsoft\jdk-21.0.2.13-hotspot"/>
    <property name="file.separator" value="\"/>
    <property name="basedir" value="D:\OpenSource\Github\E-commerce\datebase"/>
    <property name="java.vm.compressedOopsMode" value="Zero based"/>
    <property name="line.separator" value="&#10;"/>
    <property name="java.vm.specification.vendor" value="Oracle Corporation"/>
    <property name="java.specification.name" value="Java Platform API Specification"/>
    <property name="surefire.real.class.path" value="C:\Users\28170\AppData\Local\Temp\surefire15682111782277923849\surefirebooter-20241102214118982_3.jar"/>
    <property name="user.script" value=""/>
    <property name="sun.management.compiler" value="HotSpot 64-Bit Tiered Compilers"/>
    <property name="java.runtime.version" value="21.0.2+13-LTS"/>
    <property name="user.name" value="28170"/>
    <property name="stdout.encoding" value="GBK"/>
    <property name="path.separator" value=";"/>
    <property name="os.version" value="10.0"/>
    <property name="java.runtime.name" value="OpenJDK Runtime Environment"/>
    <property name="file.encoding" value="UTF-8"/>
    <property name="java.vm.name" value="OpenJDK 64-Bit Server VM"/>
    <property name="java.vendor.version" value="Microsoft-8905927"/>
    <property name="localRepository" value="D:\Maven\.m2\repository"/>
    <property name="java.vendor.url.bug" value="https://github.com/microsoft/openjdk/issues"/>
    <property name="java.io.tmpdir" value="C:\Users\28170\AppData\Local\Temp\"/>
    <property name="idea.version" value="2024.2.4"/>
    <property name="java.version" value="21.0.2"/>
    <property name="user.dir" value="D:\OpenSource\Github\E-commerce\datebase"/>
    <property name="os.arch" value="amd64"/>
    <property name="java.vm.specification.name" value="Java Virtual Machine Specification"/>
    <property name="sun.os.patch.level" value=""/>
    <property name="native.encoding" value="GBK"/>
    <property name="java.library.path" value="D:\Program Files\Microsoft\jdk-21.0.2.13-hotspot\bin;C:\WINDOWS\Sun\Java\bin;C:\WINDOWS\system32;C:\WINDOWS;C:\Program Files\PlasticSCM5\server;C:\Program Files\PlasticSCM5\client;C:\Program Files (x86)\Common Files\Oracle\Java\java8path;C:\Program Files (x86)\Common Files\Oracle\Java\javapath;D:\Program Files (x86)\VMware\VMware Workstation\bin\;C:\Program Files (x86)\Common Files\Intel\Shared Libraries\redist\intel64\compiler;D:\Program Files\BellSoft\LibericaJDK-19\bin\;D:\Program Files\Microsoft\jdk-21.0.2.13-hotspot\bin;D:\Program Files\BellSoft\LibericaJDK-17\bin\;C:\Windows\system32;C:\Windows;C:\Windows\System32\Wbem;C:\Windows\System32\WindowsPowerShell\v1.0\;C:\Windows\System32\OpenSSH\;C:\Program Files (x86)\NVIDIA Corporation\PhysX\Common;C:\Program Files\NVIDIA Corporation\NVIDIA NvDLISR;C:\Program Files\dotnet\;D:\Program Files\Git\cmd;C:\Program Files\Microsoft SQL Server\150\Tools\Binn\;C:\Program Files\Microsoft SQL Server\Client SDK\ODBC\170\Tools\Binn\;D:\Program Files\Java\jdk-21\\bin;D:\Program Files\Calibre2\;D:\MinGW64\mingw64\bin;D:\MySQL\MySQL Server 8.0\bin;C:\Program Files (x86)\Windows Kits\10\Windows Performance Toolkit\;C:\WINDOWS\system32;C:\WINDOWS;C:\WINDOWS\System32\Wbem;C:\WINDOWS\System32\WindowsPowerShell\v1.0\;C:\WINDOWS\System32\OpenSSH\;D:\Program Files\apache-maven-3.9.9-bin\apache-maven-3.9.9\bin;D:\MySQL\MySQL Shell 8.0\bin\;D:\Microsoft VS Code\bin;C:\Users\28170\AppData\Local\GitHubDesktop\bin;D:\Github\vcpkg;C:\Users\28170\AppData\Local\Microsoft\WindowsApps;C:\Users\28170\AppData\Local\Programs\EmEditor;D:\Exercism;D:\Program Files (x86)\Tencent\QQGameTempest\Hall.58158\;C:\Users\28170\.dotnet\tools;D:\LaTex\texlive\2024\bin\windows;C:\Users\28170\AppData\Local\Microsoft\WindowsApps;;D:\Program Files\JetBrains\IntelliJ IDEA 2024.2.4\bin;;."/>
    <property name="java.vm.info" value="mixed mode, sharing"/>
    <property name="stderr.encoding" value="GBK"/>
    <property name="java.vendor" value="Microsoft"/>
    <property name="java.vm.version" value="21.0.2+13-LTS"/>
    <property name="sun.io.unicode.encoding" value="UnicodeLittle"/>
    <property name="java.class.version" value="65.0"/>
  </properties>
  <testcase name="Test1" classname="myTest" time="1.698">
    <error message="nested exception is org.apache.ibatis.exceptions.PersistenceException: &#10;### Error updating database.  Cause: org.springframework.jdbc.CannotGetJdbcConnectionException: Failed to obtain JDBC Connection; nested exception is com.mysql.jdbc.exceptions.jdbc4.CommunicationsException: Communications link failure&#10;&#10;The last packet successfully received from the server was 128 milliseconds ago.  The last packet sent successfully to the server was 122 milliseconds ago.&#10;### Cause: org.springframework.jdbc.CannotGetJdbcConnectionException: Failed to obtain JDBC Connection; nested exception is com.mysql.jdbc.exceptions.jdbc4.CommunicationsException: Communications link failure&#10;&#10;The last packet successfully received from the server was 128 milliseconds ago.  The last packet sent successfully to the server was 122 milliseconds ago." type="org.mybatis.spring.MyBatisSystemException"><![CDATA[org.mybatis.spring.MyBatisSystemException: 
nested exception is org.apache.ibatis.exceptions.PersistenceException: 
### Error updating database.  Cause: org.springframework.jdbc.CannotGetJdbcConnectionException: Failed to obtain JDBC Connection; nested exception is com.mysql.jdbc.exceptions.jdbc4.CommunicationsException: Communications link failure

The last packet successfully received from the server was 128 milliseconds ago.  The last packet sent successfully to the server was 122 milliseconds ago.
### Cause: org.springframework.jdbc.CannotGetJdbcConnectionException: Failed to obtain JDBC Connection; nested exception is com.mysql.jdbc.exceptions.jdbc4.CommunicationsException: Communications link failure

The last packet successfully received from the server was 128 milliseconds ago.  The last packet sent successfully to the server was 122 milliseconds ago.
	at org.mybatis.spring.MyBatisExceptionTranslator.translateExceptionIfPossible(MyBatisExceptionTranslator.java:78)
	at org.mybatis.spring.SqlSessionTemplate$SqlSessionInterceptor.invoke(SqlSessionTemplate.java:440)
	at jdk.proxy2/jdk.proxy2.$Proxy13.update(Unknown Source)
	at org.mybatis.spring.SqlSessionTemplate.update(SqlSessionTemplate.java:287)
	at org.apache.ibatis.binding.MapperMethod.execute(MapperMethod.java:62)
	at org.apache.ibatis.binding.MapperProxy.invoke(MapperProxy.java:59)
	at jdk.proxy2/jdk.proxy2.$Proxy48.updateClient(Unknown Source)
	at com.linexus.service.WholeMapperImpl.updateClient(WholeMapperImpl.java:41)
	at myTest.Test1(myTest.java:49)
	at java.base/jdk.internal.reflect.DirectMethodHandleAccessor.invoke(DirectMethodHandleAccessor.java:103)
	at java.base/java.lang.reflect.Method.invoke(Method.java:580)
	at org.junit.runners.model.FrameworkMethod$1.runReflectiveCall(FrameworkMethod.java:59)
	at org.junit.internal.runners.model.ReflectiveCallable.run(ReflectiveCallable.java:12)
	at org.junit.runners.model.FrameworkMethod.invokeExplosively(FrameworkMethod.java:56)
	at org.junit.internal.runners.statements.InvokeMethod.evaluate(InvokeMethod.java:17)
	at org.junit.runners.ParentRunner$3.evaluate(ParentRunner.java:306)
	at org.junit.runners.BlockJUnit4ClassRunner$1.evaluate(BlockJUnit4ClassRunner.java:100)
	at org.junit.runners.ParentRunner.runLeaf(ParentRunner.java:366)
	at org.junit.runners.BlockJUnit4ClassRunner.runChild(BlockJUnit4ClassRunner.java:103)
	at org.junit.runners.BlockJUnit4ClassRunner.runChild(BlockJUnit4ClassRunner.java:63)
	at org.junit.runners.ParentRunner$4.run(ParentRunner.java:331)
	at org.junit.runners.ParentRunner$1.schedule(ParentRunner.java:79)
	at org.junit.runners.ParentRunner.runChildren(ParentRunner.java:329)
	at org.junit.runners.ParentRunner.access$100(ParentRunner.java:66)
	at org.junit.runners.ParentRunner$2.evaluate(ParentRunner.java:293)
	at org.junit.runners.ParentRunner$3.evaluate(ParentRunner.java:306)
	at org.junit.runners.ParentRunner.run(ParentRunner.java:413)
	at org.apache.maven.surefire.junit4.JUnit4Provider.execute(JUnit4Provider.java:316)
	at org.apache.maven.surefire.junit4.JUnit4Provider.executeWithRerun(JUnit4Provider.java:240)
	at org.apache.maven.surefire.junit4.JUnit4Provider.executeTestSet(JUnit4Provider.java:214)
	at org.apache.maven.surefire.junit4.JUnit4Provider.invoke(JUnit4Provider.java:155)
	at org.apache.maven.surefire.booter.ForkedBooter.runSuitesInProcess(ForkedBooter.java:385)
	at org.apache.maven.surefire.booter.ForkedBooter.execute(ForkedBooter.java:162)
	at org.apache.maven.surefire.booter.ForkedBooter.run(ForkedBooter.java:507)
	at org.apache.maven.surefire.booter.ForkedBooter.main(ForkedBooter.java:495)
Caused by: org.apache.ibatis.exceptions.PersistenceException: 
### Error updating database.  Cause: org.springframework.jdbc.CannotGetJdbcConnectionException: Failed to obtain JDBC Connection; nested exception is com.mysql.jdbc.exceptions.jdbc4.CommunicationsException: Communications link failure

The last packet successfully received from the server was 128 milliseconds ago.  The last packet sent successfully to the server was 122 milliseconds ago.
### Cause: org.springframework.jdbc.CannotGetJdbcConnectionException: Failed to obtain JDBC Connection; nested exception is com.mysql.jdbc.exceptions.jdbc4.CommunicationsException: Communications link failure

The last packet successfully received from the server was 128 milliseconds ago.  The last packet sent successfully to the server was 122 milliseconds ago.
	at org.apache.ibatis.exceptions.ExceptionFactory.wrapException(ExceptionFactory.java:30)
	at org.apache.ibatis.session.defaults.DefaultSqlSession.update(DefaultSqlSession.java:200)
	at java.base/jdk.internal.reflect.DirectMethodHandleAccessor.invoke(DirectMethodHandleAccessor.java:103)
	at java.base/java.lang.reflect.Method.invoke(Method.java:580)
	at org.mybatis.spring.SqlSessionTemplate$SqlSessionInterceptor.invoke(SqlSessionTemplate.java:426)
	... 33 more
Caused by: org.springframework.jdbc.CannotGetJdbcConnectionException: Failed to obtain JDBC Connection; nested exception is com.mysql.jdbc.exceptions.jdbc4.CommunicationsException: Communications link failure

The last packet successfully received from the server was 128 milliseconds ago.  The last packet sent successfully to the server was 122 milliseconds ago.
	at org.springframework.jdbc.datasource.DataSourceUtils.getConnection(DataSourceUtils.java:83)
	at org.mybatis.spring.transaction.SpringManagedTransaction.openConnection(SpringManagedTransaction.java:80)
	at org.mybatis.spring.transaction.SpringManagedTransaction.getConnection(SpringManagedTransaction.java:67)
	at org.apache.ibatis.executor.BaseExecutor.getConnection(BaseExecutor.java:336)
	at org.apache.ibatis.executor.SimpleExecutor.prepareStatement(SimpleExecutor.java:84)
	at org.apache.ibatis.executor.SimpleExecutor.doUpdate(SimpleExecutor.java:49)
	at org.apache.ibatis.executor.BaseExecutor.update(BaseExecutor.java:117)
	at org.apache.ibatis.executor.CachingExecutor.update(CachingExecutor.java:76)
	at org.apache.ibatis.session.defaults.DefaultSqlSession.update(DefaultSqlSession.java:198)
	... 36 more
Caused by: com.mysql.jdbc.exceptions.jdbc4.CommunicationsException: Communications link failure

The last packet successfully received from the server was 128 milliseconds ago.  The last packet sent successfully to the server was 122 milliseconds ago.
	at java.base/jdk.internal.reflect.DirectConstructorHandleAccessor.newInstance(DirectConstructorHandleAccessor.java:62)
	at java.base/java.lang.reflect.Constructor.newInstanceWithCaller(Constructor.java:502)
	at java.base/java.lang.reflect.Constructor.newInstance(Constructor.java:486)
	at com.mysql.jdbc.Util.handleNewInstance(Util.java:425)
	at com.mysql.jdbc.SQLError.createCommunicationsException(SQLError.java:990)
	at com.mysql.jdbc.ExportControlled.transformSocketToSSLSocket(ExportControlled.java:201)
	at com.mysql.jdbc.MysqlIO.negotiateSSLConnection(MysqlIO.java:4912)
	at com.mysql.jdbc.MysqlIO.proceedHandshakeWithPluggableAuthentication(MysqlIO.java:1663)
	at com.mysql.jdbc.MysqlIO.doHandshake(MysqlIO.java:1224)
	at com.mysql.jdbc.ConnectionImpl.coreConnect(ConnectionImpl.java:2190)
	at com.mysql.jdbc.ConnectionImpl.connectOneTryOnly(ConnectionImpl.java:2221)
	at com.mysql.jdbc.ConnectionImpl.createNewIO(ConnectionImpl.java:2016)
	at com.mysql.jdbc.ConnectionImpl.<init>(ConnectionImpl.java:776)
	at com.mysql.jdbc.JDBC4Connection.<init>(JDBC4Connection.java:47)
	at java.base/jdk.internal.reflect.DirectConstructorHandleAccessor.newInstance(DirectConstructorHandleAccessor.java:62)
	at java.base/java.lang.reflect.Constructor.newInstanceWithCaller(Constructor.java:502)
	at java.base/java.lang.reflect.Constructor.newInstance(Constructor.java:486)
	at com.mysql.jdbc.Util.handleNewInstance(Util.java:425)
	at com.mysql.jdbc.ConnectionImpl.getInstance(ConnectionImpl.java:386)
	at com.mysql.jdbc.NonRegisteringDriver.connect(NonRegisteringDriver.java:330)
	at java.sql/java.sql.DriverManager.getConnection(DriverManager.java:683)
	at java.sql/java.sql.DriverManager.getConnection(DriverManager.java:191)
	at org.springframework.jdbc.datasource.DriverManagerDataSource.getConnectionFromDriverManager(DriverManagerDataSource.java:155)
	at org.springframework.jdbc.datasource.DriverManagerDataSource.getConnectionFromDriver(DriverManagerDataSource.java:146)
	at org.springframework.jdbc.datasource.AbstractDriverBasedDataSource.getConnectionFromDriver(AbstractDriverBasedDataSource.java:205)
	at org.springframework.jdbc.datasource.AbstractDriverBasedDataSource.getConnection(AbstractDriverBasedDataSource.java:169)
	at org.springframework.jdbc.datasource.DataSourceUtils.fetchConnection(DataSourceUtils.java:159)
	at org.springframework.jdbc.datasource.DataSourceUtils.doGetConnection(DataSourceUtils.java:117)
	at org.springframework.jdbc.datasource.DataSourceUtils.getConnection(DataSourceUtils.java:80)
	... 44 more
Caused by: javax.net.ssl.SSLHandshakeException: java.security.cert.CertPathValidatorException: Path does not chain with any of the trust anchors
	at java.base/sun.security.ssl.Alert.createSSLException(Alert.java:130)
	at java.base/sun.security.ssl.TransportContext.fatal(TransportContext.java:378)
	at java.base/sun.security.ssl.TransportContext.fatal(TransportContext.java:321)
	at java.base/sun.security.ssl.TransportContext.fatal(TransportContext.java:316)
	at java.base/sun.security.ssl.CertificateMessage$T12CertificateConsumer.checkServerCerts(CertificateMessage.java:647)
	at java.base/sun.security.ssl.CertificateMessage$T12CertificateConsumer.onCertificate(CertificateMessage.java:467)
	at java.base/sun.security.ssl.CertificateMessage$T12CertificateConsumer.consume(CertificateMessage.java:363)
	at java.base/sun.security.ssl.SSLHandshake.consume(SSLHandshake.java:393)
	at java.base/sun.security.ssl.HandshakeContext.dispatch(HandshakeContext.java:476)
	at java.base/sun.security.ssl.HandshakeContext.dispatch(HandshakeContext.java:447)
	at java.base/sun.security.ssl.TransportContext.dispatch(TransportContext.java:201)
	at java.base/sun.security.ssl.SSLTransport.decode(SSLTransport.java:172)
	at java.base/sun.security.ssl.SSLSocketImpl.decode(SSLSocketImpl.java:1506)
	at java.base/sun.security.ssl.SSLSocketImpl.readHandshakeRecord(SSLSocketImpl.java:1421)
	at java.base/sun.security.ssl.SSLSocketImpl.startHandshake(SSLSocketImpl.java:455)
	at java.base/sun.security.ssl.SSLSocketImpl.startHandshake(SSLSocketImpl.java:426)
	at com.mysql.jdbc.ExportControlled.transformSocketToSSLSocket(ExportControlled.java:186)
	... 67 more
Caused by: java.security.cert.CertificateException: java.security.cert.CertPathValidatorException: Path does not chain with any of the trust anchors
	at com.mysql.jdbc.ExportControlled$X509TrustManagerWrapper.checkServerTrusted(ExportControlled.java:302)
	at java.base/sun.security.ssl.AbstractTrustManagerWrapper.checkServerTrusted(SSLContextImpl.java:1430)
	at java.base/sun.security.ssl.CertificateMessage$T12CertificateConsumer.checkServerCerts(CertificateMessage.java:631)
	... 79 more
Caused by: java.security.cert.CertPathValidatorException: Path does not chain with any of the trust anchors
	at java.base/sun.security.provider.certpath.PKIXCertPathValidator.validate(PKIXCertPathValidator.java:157)
	at java.base/sun.security.provider.certpath.PKIXCertPathValidator.engineValidate(PKIXCertPathValidator.java:83)
	at java.base/java.security.cert.CertPathValidator.validate(CertPathValidator.java:309)
	at com.mysql.jdbc.ExportControlled$X509TrustManagerWrapper.checkServerTrusted(ExportControlled.java:295)
	... 81 more
]]></error>
    <system-out><![CDATA[Logging initialized using 'class org.apache.ibatis.logging.stdout.StdOutImpl' adapter.
Creating a new SqlSession
SqlSession [org.apache.ibatis.session.defaults.DefaultSqlSession@6a9b9909] was not registered for synchronization because synchronization is not active
Closing non transactional SqlSession [org.apache.ibatis.session.defaults.DefaultSqlSession@6a9b9909]
]]></system-out>
    <system-err><![CDATA[SLF4J: Failed to load class "org.slf4j.impl.StaticLoggerBinder".
SLF4J: Defaulting to no-operation (NOP) logger implementation
SLF4J: See http://www.slf4j.org/codes.html#StaticLoggerBinder for further details.
11月 02, 2024 9:41:20 下午 org.apache.cxf.wsdl.service.factory.ReflectionServiceFactoryBean buildServiceFromClass
信息: Creating Service {http://service.linexus.com/}WholeMapper from class com.linexus.dao.WholeMapper
11月 02, 2024 9:41:20 下午 org.apache.cxf.endpoint.ServerImpl initDestination
信息: Setting the server's publish address to be http://localhost:8090/WholeMapper
]]></system-err>
  </testcase>
  <testcase name="Test2" classname="myTest" time="0.088">
    <error message="Error creating bean with name &apos;org.springframework.remoting.jaxws.SimpleJaxWsServiceExporter#0&apos; defined in class path resource [spring-config.xml]: Invocation of init method failed; nested exception is javax.xml.ws.WebServiceException: org.apache.cxf.endpoint.ListenerRegistrationException: Soap 1.1 endpoint already registered on address http://localhost:8090/WholeMapper" type="org.springframework.beans.factory.BeanCreationException"><![CDATA[org.springframework.beans.factory.BeanCreationException: Error creating bean with name 'org.springframework.remoting.jaxws.SimpleJaxWsServiceExporter#0' defined in class path resource [spring-config.xml]: Invocation of init method failed; nested exception is javax.xml.ws.WebServiceException: org.apache.cxf.endpoint.ListenerRegistrationException: Soap 1.1 endpoint already registered on address http://localhost:8090/WholeMapper
	at org.springframework.beans.factory.support.AbstractAutowireCapableBeanFactory.initializeBean(AbstractAutowireCapableBeanFactory.java:1804)
	at org.springframework.beans.factory.support.AbstractAutowireCapableBeanFactory.doCreateBean(AbstractAutowireCapableBeanFactory.java:620)
	at org.springframework.beans.factory.support.AbstractAutowireCapableBeanFactory.createBean(AbstractAutowireCapableBeanFactory.java:542)
	at org.springframework.beans.factory.support.AbstractBeanFactory.lambda$doGetBean$0(AbstractBeanFactory.java:335)
	at org.springframework.beans.factory.support.DefaultSingletonBeanRegistry.getSingleton(DefaultSingletonBeanRegistry.java:234)
	at org.springframework.beans.factory.support.AbstractBeanFactory.doGetBean(AbstractBeanFactory.java:333)
	at org.springframework.beans.factory.support.AbstractBeanFactory.getBean(AbstractBeanFactory.java:208)
	at org.springframework.beans.factory.support.DefaultListableBeanFactory.preInstantiateSingletons(DefaultListableBeanFactory.java:944)
	at org.springframework.context.support.AbstractApplicationContext.finishBeanFactoryInitialization(AbstractApplicationContext.java:918)
	at org.springframework.context.support.AbstractApplicationContext.refresh(AbstractApplicationContext.java:583)
	at org.springframework.context.support.ClassPathXmlApplicationContext.<init>(ClassPathXmlApplicationContext.java:144)
	at org.springframework.context.support.ClassPathXmlApplicationContext.<init>(ClassPathXmlApplicationContext.java:85)
	at myTest.Test2(myTest.java:55)
	at java.base/jdk.internal.reflect.DirectMethodHandleAccessor.invoke(DirectMethodHandleAccessor.java:103)
	at java.base/java.lang.reflect.Method.invoke(Method.java:580)
	at org.junit.runners.model.FrameworkMethod$1.runReflectiveCall(FrameworkMethod.java:59)
	at org.junit.internal.runners.model.ReflectiveCallable.run(ReflectiveCallable.java:12)
	at org.junit.runners.model.FrameworkMethod.invokeExplosively(FrameworkMethod.java:56)
	at org.junit.internal.runners.statements.InvokeMethod.evaluate(InvokeMethod.java:17)
	at org.junit.runners.ParentRunner$3.evaluate(ParentRunner.java:306)
	at org.junit.runners.BlockJUnit4ClassRunner$1.evaluate(BlockJUnit4ClassRunner.java:100)
	at org.junit.runners.ParentRunner.runLeaf(ParentRunner.java:366)
	at org.junit.runners.BlockJUnit4ClassRunner.runChild(BlockJUnit4ClassRunner.java:103)
	at org.junit.runners.BlockJUnit4ClassRunner.runChild(BlockJUnit4ClassRunner.java:63)
	at org.junit.runners.ParentRunner$4.run(ParentRunner.java:331)
	at org.junit.runners.ParentRunner$1.schedule(ParentRunner.java:79)
	at org.junit.runners.ParentRunner.runChildren(ParentRunner.java:329)
	at org.junit.runners.ParentRunner.access$100(ParentRunner.java:66)
	at org.junit.runners.ParentRunner$2.evaluate(ParentRunner.java:293)
	at org.junit.runners.ParentRunner$3.evaluate(ParentRunner.java:306)
	at org.junit.runners.ParentRunner.run(ParentRunner.java:413)
	at org.apache.maven.surefire.junit4.JUnit4Provider.execute(JUnit4Provider.java:316)
	at org.apache.maven.surefire.junit4.JUnit4Provider.executeWithRerun(JUnit4Provider.java:240)
	at org.apache.maven.surefire.junit4.JUnit4Provider.executeTestSet(JUnit4Provider.java:214)
	at org.apache.maven.surefire.junit4.JUnit4Provider.invoke(JUnit4Provider.java:155)
	at org.apache.maven.surefire.booter.ForkedBooter.runSuitesInProcess(ForkedBooter.java:385)
	at org.apache.maven.surefire.booter.ForkedBooter.execute(ForkedBooter.java:162)
	at org.apache.maven.surefire.booter.ForkedBooter.run(ForkedBooter.java:507)
	at org.apache.maven.surefire.booter.ForkedBooter.main(ForkedBooter.java:495)
Caused by: javax.xml.ws.WebServiceException: org.apache.cxf.endpoint.ListenerRegistrationException: Soap 1.1 endpoint already registered on address http://localhost:8090/WholeMapper
	at org.apache.cxf.jaxws.EndpointImpl.doPublish(EndpointImpl.java:375)
	at org.apache.cxf.jaxws.EndpointImpl.publish(EndpointImpl.java:255)
	at org.springframework.remoting.jaxws.SimpleJaxWsServiceExporter.publishEndpoint(SimpleJaxWsServiceExporter.java:66)
	at org.springframework.remoting.jaxws.AbstractJaxWsServiceExporter.publishEndpoints(AbstractJaxWsServiceExporter.java:160)
	at org.springframework.remoting.jaxws.AbstractJaxWsServiceExporter.afterPropertiesSet(AbstractJaxWsServiceExporter.java:128)
	at org.springframework.beans.factory.support.AbstractAutowireCapableBeanFactory.invokeInitMethods(AbstractAutowireCapableBeanFactory.java:1863)
	at org.springframework.beans.factory.support.AbstractAutowireCapableBeanFactory.initializeBean(AbstractAutowireCapableBeanFactory.java:1800)
	... 38 more
Caused by: org.apache.cxf.endpoint.ListenerRegistrationException: Soap 1.1 endpoint already registered on address http://localhost:8090/WholeMapper
	at org.apache.cxf.binding.soap.SoapBindingFactory.addListener(SoapBindingFactory.java:924)
	at org.apache.cxf.endpoint.ServerImpl.start(ServerImpl.java:130)
	at org.apache.cxf.jaxws.EndpointImpl.doPublish(EndpointImpl.java:366)
	... 44 more
]]></error>
    <system-out><![CDATA[Logging initialized using 'class org.apache.ibatis.logging.stdout.StdOutImpl' adapter.
]]></system-out>
    <system-err><![CDATA[11月 02, 2024 9:41:21 下午 org.apache.cxf.wsdl.service.factory.ReflectionServiceFactoryBean buildServiceFromClass
信息: Creating Service {http://service.linexus.com/}WholeMapper from class com.linexus.dao.WholeMapper
11月 02, 2024 9:41:21 下午 org.apache.cxf.endpoint.ServerImpl initDestination
信息: Setting the server's publish address to be http://localhost:8090/WholeMapper
]]></system-err>
  </testcase>
  <testcase name="Test3" classname="myTest" time="0.058">
    <error message="Error creating bean with name &apos;org.springframework.remoting.jaxws.SimpleJaxWsServiceExporter#0&apos; defined in class path resource [spring-config.xml]: Invocation of init method failed; nested exception is javax.xml.ws.WebServiceException: org.apache.cxf.endpoint.ListenerRegistrationException: Soap 1.1 endpoint already registered on address http://localhost:8090/WholeMapper" type="org.springframework.beans.factory.BeanCreationException"><![CDATA[org.springframework.beans.factory.BeanCreationException: Error creating bean with name 'org.springframework.remoting.jaxws.SimpleJaxWsServiceExporter#0' defined in class path resource [spring-config.xml]: Invocation of init method failed; nested exception is javax.xml.ws.WebServiceException: org.apache.cxf.endpoint.ListenerRegistrationException: Soap 1.1 endpoint already registered on address http://localhost:8090/WholeMapper
	at org.springframework.beans.factory.support.AbstractAutowireCapableBeanFactory.initializeBean(AbstractAutowireCapableBeanFactory.java:1804)
	at org.springframework.beans.factory.support.AbstractAutowireCapableBeanFactory.doCreateBean(AbstractAutowireCapableBeanFactory.java:620)
	at org.springframework.beans.factory.support.AbstractAutowireCapableBeanFactory.createBean(AbstractAutowireCapableBeanFactory.java:542)
	at org.springframework.beans.factory.support.AbstractBeanFactory.lambda$doGetBean$0(AbstractBeanFactory.java:335)
	at org.springframework.beans.factory.support.DefaultSingletonBeanRegistry.getSingleton(DefaultSingletonBeanRegistry.java:234)
	at org.springframework.beans.factory.support.AbstractBeanFactory.doGetBean(AbstractBeanFactory.java:333)
	at org.springframework.beans.factory.support.AbstractBeanFactory.getBean(AbstractBeanFactory.java:208)
	at org.springframework.beans.factory.support.DefaultListableBeanFactory.preInstantiateSingletons(DefaultListableBeanFactory.java:944)
	at org.springframework.context.support.AbstractApplicationContext.finishBeanFactoryInitialization(AbstractApplicationContext.java:918)
	at org.springframework.context.support.AbstractApplicationContext.refresh(AbstractApplicationContext.java:583)
	at org.springframework.context.support.ClassPathXmlApplicationContext.<init>(ClassPathXmlApplicationContext.java:144)
	at org.springframework.context.support.ClassPathXmlApplicationContext.<init>(ClassPathXmlApplicationContext.java:85)
	at myTest.Test3(myTest.java:108)
	at java.base/jdk.internal.reflect.DirectMethodHandleAccessor.invoke(DirectMethodHandleAccessor.java:103)
	at java.base/java.lang.reflect.Method.invoke(Method.java:580)
	at org.junit.runners.model.FrameworkMethod$1.runReflectiveCall(FrameworkMethod.java:59)
	at org.junit.internal.runners.model.ReflectiveCallable.run(ReflectiveCallable.java:12)
	at org.junit.runners.model.FrameworkMethod.invokeExplosively(FrameworkMethod.java:56)
	at org.junit.internal.runners.statements.InvokeMethod.evaluate(InvokeMethod.java:17)
	at org.junit.runners.ParentRunner$3.evaluate(ParentRunner.java:306)
	at org.junit.runners.BlockJUnit4ClassRunner$1.evaluate(BlockJUnit4ClassRunner.java:100)
	at org.junit.runners.ParentRunner.runLeaf(ParentRunner.java:366)
	at org.junit.runners.BlockJUnit4ClassRunner.runChild(BlockJUnit4ClassRunner.java:103)
	at org.junit.runners.BlockJUnit4ClassRunner.runChild(BlockJUnit4ClassRunner.java:63)
	at org.junit.runners.ParentRunner$4.run(ParentRunner.java:331)
	at org.junit.runners.ParentRunner$1.schedule(ParentRunner.java:79)
	at org.junit.runners.ParentRunner.runChildren(ParentRunner.java:329)
	at org.junit.runners.ParentRunner.access$100(ParentRunner.java:66)
	at org.junit.runners.ParentRunner$2.evaluate(ParentRunner.java:293)
	at org.junit.runners.ParentRunner$3.evaluate(ParentRunner.java:306)
	at org.junit.runners.ParentRunner.run(ParentRunner.java:413)
	at org.apache.maven.surefire.junit4.JUnit4Provider.execute(JUnit4Provider.java:316)
	at org.apache.maven.surefire.junit4.JUnit4Provider.executeWithRerun(JUnit4Provider.java:240)
	at org.apache.maven.surefire.junit4.JUnit4Provider.executeTestSet(JUnit4Provider.java:214)
	at org.apache.maven.surefire.junit4.JUnit4Provider.invoke(JUnit4Provider.java:155)
	at org.apache.maven.surefire.booter.ForkedBooter.runSuitesInProcess(ForkedBooter.java:385)
	at org.apache.maven.surefire.booter.ForkedBooter.execute(ForkedBooter.java:162)
	at org.apache.maven.surefire.booter.ForkedBooter.run(ForkedBooter.java:507)
	at org.apache.maven.surefire.booter.ForkedBooter.main(ForkedBooter.java:495)
Caused by: javax.xml.ws.WebServiceException: org.apache.cxf.endpoint.ListenerRegistrationException: Soap 1.1 endpoint already registered on address http://localhost:8090/WholeMapper
	at org.apache.cxf.jaxws.EndpointImpl.doPublish(EndpointImpl.java:375)
	at org.apache.cxf.jaxws.EndpointImpl.publish(EndpointImpl.java:255)
	at org.springframework.remoting.jaxws.SimpleJaxWsServiceExporter.publishEndpoint(SimpleJaxWsServiceExporter.java:66)
	at org.springframework.remoting.jaxws.AbstractJaxWsServiceExporter.publishEndpoints(AbstractJaxWsServiceExporter.java:160)
	at org.springframework.remoting.jaxws.AbstractJaxWsServiceExporter.afterPropertiesSet(AbstractJaxWsServiceExporter.java:128)
	at org.springframework.beans.factory.support.AbstractAutowireCapableBeanFactory.invokeInitMethods(AbstractAutowireCapableBeanFactory.java:1863)
	at org.springframework.beans.factory.support.AbstractAutowireCapableBeanFactory.initializeBean(AbstractAutowireCapableBeanFactory.java:1800)
	... 38 more
Caused by: org.apache.cxf.endpoint.ListenerRegistrationException: Soap 1.1 endpoint already registered on address http://localhost:8090/WholeMapper
	at org.apache.cxf.binding.soap.SoapBindingFactory.addListener(SoapBindingFactory.java:924)
	at org.apache.cxf.endpoint.ServerImpl.start(ServerImpl.java:130)
	at org.apache.cxf.jaxws.EndpointImpl.doPublish(EndpointImpl.java:366)
	... 44 more
]]></error>
    <system-out><![CDATA[Logging initialized using 'class org.apache.ibatis.logging.stdout.StdOutImpl' adapter.
]]></system-out>
    <system-err><![CDATA[11月 02, 2024 9:41:21 下午 org.apache.cxf.wsdl.service.factory.ReflectionServiceFactoryBean buildServiceFromClass
信息: Creating Service {http://service.linexus.com/}WholeMapper from class com.linexus.dao.WholeMapper
11月 02, 2024 9:41:21 下午 org.apache.cxf.endpoint.ServerImpl initDestination
信息: Setting the server's publish address to be http://localhost:8090/WholeMapper
]]></system-err>
  </testcase>
  <testcase name="Test4" classname="myTest" time="0.058">
    <error message="Error creating bean with name &apos;org.springframework.remoting.jaxws.SimpleJaxWsServiceExporter#0&apos; defined in class path resource [spring-config.xml]: Invocation of init method failed; nested exception is javax.xml.ws.WebServiceException: org.apache.cxf.endpoint.ListenerRegistrationException: Soap 1.1 endpoint already registered on address http://localhost:8090/WholeMapper" type="org.springframework.beans.factory.BeanCreationException"><![CDATA[org.springframework.beans.factory.BeanCreationException: Error creating bean with name 'org.springframework.remoting.jaxws.SimpleJaxWsServiceExporter#0' defined in class path resource [spring-config.xml]: Invocation of init method failed; nested exception is javax.xml.ws.WebServiceException: org.apache.cxf.endpoint.ListenerRegistrationException: Soap 1.1 endpoint already registered on address http://localhost:8090/WholeMapper
	at org.springframework.beans.factory.support.AbstractAutowireCapableBeanFactory.initializeBean(AbstractAutowireCapableBeanFactory.java:1804)
	at org.springframework.beans.factory.support.AbstractAutowireCapableBeanFactory.doCreateBean(AbstractAutowireCapableBeanFactory.java:620)
	at org.springframework.beans.factory.support.AbstractAutowireCapableBeanFactory.createBean(AbstractAutowireCapableBeanFactory.java:542)
	at org.springframework.beans.factory.support.AbstractBeanFactory.lambda$doGetBean$0(AbstractBeanFactory.java:335)
	at org.springframework.beans.factory.support.DefaultSingletonBeanRegistry.getSingleton(DefaultSingletonBeanRegistry.java:234)
	at org.springframework.beans.factory.support.AbstractBeanFactory.doGetBean(AbstractBeanFactory.java:333)
	at org.springframework.beans.factory.support.AbstractBeanFactory.getBean(AbstractBeanFactory.java:208)
	at org.springframework.beans.factory.support.DefaultListableBeanFactory.preInstantiateSingletons(DefaultListableBeanFactory.java:944)
	at org.springframework.context.support.AbstractApplicationContext.finishBeanFactoryInitialization(AbstractApplicationContext.java:918)
	at org.springframework.context.support.AbstractApplicationContext.refresh(AbstractApplicationContext.java:583)
	at org.springframework.context.support.ClassPathXmlApplicationContext.<init>(ClassPathXmlApplicationContext.java:144)
	at org.springframework.context.support.ClassPathXmlApplicationContext.<init>(ClassPathXmlApplicationContext.java:85)
	at myTest.Test4(myTest.java:140)
	at java.base/jdk.internal.reflect.DirectMethodHandleAccessor.invoke(DirectMethodHandleAccessor.java:103)
	at java.base/java.lang.reflect.Method.invoke(Method.java:580)
	at org.junit.runners.model.FrameworkMethod$1.runReflectiveCall(FrameworkMethod.java:59)
	at org.junit.internal.runners.model.ReflectiveCallable.run(ReflectiveCallable.java:12)
	at org.junit.runners.model.FrameworkMethod.invokeExplosively(FrameworkMethod.java:56)
	at org.junit.internal.runners.statements.InvokeMethod.evaluate(InvokeMethod.java:17)
	at org.junit.runners.ParentRunner$3.evaluate(ParentRunner.java:306)
	at org.junit.runners.BlockJUnit4ClassRunner$1.evaluate(BlockJUnit4ClassRunner.java:100)
	at org.junit.runners.ParentRunner.runLeaf(ParentRunner.java:366)
	at org.junit.runners.BlockJUnit4ClassRunner.runChild(BlockJUnit4ClassRunner.java:103)
	at org.junit.runners.BlockJUnit4ClassRunner.runChild(BlockJUnit4ClassRunner.java:63)
	at org.junit.runners.ParentRunner$4.run(ParentRunner.java:331)
	at org.junit.runners.ParentRunner$1.schedule(ParentRunner.java:79)
	at org.junit.runners.ParentRunner.runChildren(ParentRunner.java:329)
	at org.junit.runners.ParentRunner.access$100(ParentRunner.java:66)
	at org.junit.runners.ParentRunner$2.evaluate(ParentRunner.java:293)
	at org.junit.runners.ParentRunner$3.evaluate(ParentRunner.java:306)
	at org.junit.runners.ParentRunner.run(ParentRunner.java:413)
	at org.apache.maven.surefire.junit4.JUnit4Provider.execute(JUnit4Provider.java:316)
	at org.apache.maven.surefire.junit4.JUnit4Provider.executeWithRerun(JUnit4Provider.java:240)
	at org.apache.maven.surefire.junit4.JUnit4Provider.executeTestSet(JUnit4Provider.java:214)
	at org.apache.maven.surefire.junit4.JUnit4Provider.invoke(JUnit4Provider.java:155)
	at org.apache.maven.surefire.booter.ForkedBooter.runSuitesInProcess(ForkedBooter.java:385)
	at org.apache.maven.surefire.booter.ForkedBooter.execute(ForkedBooter.java:162)
	at org.apache.maven.surefire.booter.ForkedBooter.run(ForkedBooter.java:507)
	at org.apache.maven.surefire.booter.ForkedBooter.main(ForkedBooter.java:495)
Caused by: javax.xml.ws.WebServiceException: org.apache.cxf.endpoint.ListenerRegistrationException: Soap 1.1 endpoint already registered on address http://localhost:8090/WholeMapper
	at org.apache.cxf.jaxws.EndpointImpl.doPublish(EndpointImpl.java:375)
	at org.apache.cxf.jaxws.EndpointImpl.publish(EndpointImpl.java:255)
	at org.springframework.remoting.jaxws.SimpleJaxWsServiceExporter.publishEndpoint(SimpleJaxWsServiceExporter.java:66)
	at org.springframework.remoting.jaxws.AbstractJaxWsServiceExporter.publishEndpoints(AbstractJaxWsServiceExporter.java:160)
	at org.springframework.remoting.jaxws.AbstractJaxWsServiceExporter.afterPropertiesSet(AbstractJaxWsServiceExporter.java:128)
	at org.springframework.beans.factory.support.AbstractAutowireCapableBeanFactory.invokeInitMethods(AbstractAutowireCapableBeanFactory.java:1863)
	at org.springframework.beans.factory.support.AbstractAutowireCapableBeanFactory.initializeBean(AbstractAutowireCapableBeanFactory.java:1800)
	... 38 more
Caused by: org.apache.cxf.endpoint.ListenerRegistrationException: Soap 1.1 endpoint already registered on address http://localhost:8090/WholeMapper
	at org.apache.cxf.binding.soap.SoapBindingFactory.addListener(SoapBindingFactory.java:924)
	at org.apache.cxf.endpoint.ServerImpl.start(ServerImpl.java:130)
	at org.apache.cxf.jaxws.EndpointImpl.doPublish(EndpointImpl.java:366)
	... 44 more
]]></error>
    <system-out><![CDATA[Logging initialized using 'class org.apache.ibatis.logging.stdout.StdOutImpl' adapter.
]]></system-out>
    <system-err><![CDATA[11月 02, 2024 9:41:21 下午 org.apache.cxf.wsdl.service.factory.ReflectionServiceFactoryBean buildServiceFromClass
信息: Creating Service {http://service.linexus.com/}WholeMapper from class com.linexus.dao.WholeMapper
11月 02, 2024 9:41:21 下午 org.apache.cxf.endpoint.ServerImpl initDestination
信息: Setting the server's publish address to be http://localhost:8090/WholeMapper
]]></system-err>
  </testcase>
</testsuite>